games/android-game-2026-03-14/app/build/outputs/mapping/release/seeds.txt
com.orbitshield.game.R$drawable
com.orbitshield.game.game.GameRendererKt
com.orbitshield.game.game.ShieldFragment
com.orbitshield.game.game.GameLogicKt
com.orbitshield.game.game.MenuScreenKt$MenuScreen$4
com.orbitshield.game.ComposableSingletons$MainActivityKt$lambda-1$1
com.orbitshield.game.game.Asteroid
com.orbitshield.game.game.MenuScreenKt$MenuScreen$3$1
com.orbitshield.game.game.GameScreenKt$GameScreen$4$1
com.orbitshield.game.game.MenuScreenKt$MenuScreen$1$1$1
com.orbitshield.game.game.Particle
com.orbitshield.game.game.GameScreenKt
com.orbitshield.game.game.GameScreenKt$GameScreen$2$1$1
com.orbitshield.game.game.GameState
com.orbitshield.game.R$string
com.orbitshield.game.ComposableSingletons$MainActivityKt$lambda-1$1$2$1
com.orbitshield.game.game.GamePhase
com.orbitshield.game.ComposableSingletons$MainActivityKt
com.orbitshield.game.game.GameScreenKt$GameScreen$4
com.orbitshield.game.game.MenuScreenKt$MenuScreen$2
com.orbitshield.game.game.ScorePopup
com.orbitshield.game.game.Star
com.orbitshield.game.R$mipmap
com.orbitshield.game.game.MenuScreenKt$MenuScreen$3
com.orbitshield.game.R
com.orbitshield.game.game.GameScreenKt$GameScreen$1$1
com.orbitshield.game.game.GameScreenKt$GameScreen$2$1
com.orbitshield.game.R$style
com.orbitshield.game.ComposableSingletons$MainActivityKt$lambda-1$1$1$1
com.orbitshield.game.game.MenuScreenKt$MenuScreen$1$1
com.orbitshield.game.MainActivity
com.orbitshield.game.R$color
com.orbitshield.game.game.GameScreenKt$GameScreen$5
com.orbitshield.game.game.GameScreenKt$GameScreen$3
com.orbitshield.game.game.MenuScreenKt
com.orbitshield.game.R$color: int shield_blue
com.orbitshield.game.game.MenuScreenKt$MenuScreen$3$1: com.orbitshield.game.game.MenuScreenKt$MenuScreen$3$1 INSTANCE
com.orbitshield.game.game.MenuScreenKt$MenuScreen$4: kotlin.jvm.functions.Function0 $onStart
com.orbitshield.game.R$string: int app_name
com.orbitshield.game.game.GameScreenKt$GameScreen$1$1: kotlin.jvm.functions.Function0 $onBack
com.orbitshield.game.game.GameState: float slowMoTimer
com.orbitshield.game.game.ScorePopup: java.lang.String text
com.orbitshield.game.game.GameState: int maxLives
com.orbitshield.game.game.GameState: int lives
com.orbitshield.game.game.Particle: float maxLife
com.orbitshield.game.game.GameScreenKt$GameScreen$5: int $$changed
com.orbitshield.game.game.ScorePopup: float y
com.orbitshield.game.game.GameState: int powerUpType
com.orbitshield.game.game.Asteroid: int hp
com.orbitshield.game.R$color: int star_white
com.orbitshield.game.game.GameScreenKt$GameScreen$2$1: java.lang.Object L$0
com.orbitshield.game.game.GameScreenKt$GameScreen$2$1: int label
com.orbitshield.game.game.GameState: java.util.List particles
com.orbitshield.game.game.Asteroid: float rotation
com.orbitshield.game.game.GameState: float timeScale
com.orbitshield.game.R$style: int Theme_OrbitShield
com.orbitshield.game.game.Star: float x
com.orbitshield.game.game.Particle: float vy
com.orbitshield.game.game.Particle: float size
com.orbitshield.game.game.GameState: float centerY
com.orbitshield.game.game.GameState: float shieldPowerTimer
com.orbitshield.game.game.Particle: float y
com.orbitshield.game.ComposableSingletons$MainActivityKt$lambda-1$1$2$1: androidx.compose.runtime.MutableState $playing$delegate
com.orbitshield.game.game.Asteroid: int type
com.orbitshield.game.game.MenuScreenKt$MenuScreen$1$1: java.lang.Object L$0
com.orbitshield.game.game.Star: float y
com.orbitshield.game.game.Particle: float r
com.orbitshield.game.game.GameState: float powerUpAngle
com.orbitshield.game.game.GameState: float centerX
com.orbitshield.game.game.GameState: com.orbitshield.game.game.GamePhase phase
com.orbitshield.game.game.GameState: boolean powerUpActive
com.orbitshield.game.R$color: int planet_core
com.orbitshield.game.R$color: int score_gold
com.orbitshield.game.game.GameScreenKt$GameScreen$4$1: com.orbitshield.game.game.GameScreenKt$GameScreen$4$1 INSTANCE
com.orbitshield.game.R$color: int planet_glow
...
androidx.compose.runtime.Pending: java.util.List keyInfos
androidx.compose.material3.DateRangeInputKt$DateRangeInputContent$1$4: java.lang.String $pattern
androidx.compose.material3.AppBarKt$BottomAppBar$2: float $tonalElevation
androidx.compose.material3.BottomSheetDefaults$DragHandle$2: float $width
androidx.compose.material3.TextFieldDefaults$TextFieldDecorationBox$2: kotlin.jvm.functions.Function2 $supportingText
androidx.compose.runtime.internal.IntRef: int $stable
androidx.compose.material3.TabRowKt$TabRow$2$1$1$1: java.util.List $tabPlaceables
androidx.compose.material3.SwitchColors: long checkedThumbColor
androidx.compose.material3.ChipKt$SelectableChip$3: float $minHeight
androidx.compose.foundation.text.selection.SingleSelectionLayout: int endSlot
androidx.compose.foundation.text2.input.internal.StatelessInputConnection$commitText$1: int $newCursorPosition
androidx.compose.runtime.ComposerKt: androidx.compose.runtime.CompositionTracer compositionTracer
androidx.compose.foundation.text.MappedKeys: long MoveHome
androidx.compose.material.icons.filled.CreateKt: androidx.compose.ui.graphics.vector.ImageVector _create
androidx.compose.runtime.MovableContentStateReference: androidx.compose.runtime.SlotTable slotTable
androidx.compose.foundation.ImageKt$Image$semantics$1$1: java.lang.String $contentDescription
androidx.compose.ui.text.font.Font: androidx.compose.ui.text.font.Font$Companion Companion
androidx.compose.foundation.layout.SideCalculator: androidx.compose.foundation.layout.SideCalculator$Companion Companion
androidx.compose.material3.tokens.FilledButtonTokens: float DisabledIconOpacity
androidx.compose.material3.TypographyKt$WhenMappings: int[] $EnumSwitchMapping$0
androidx.compose.ui.graphics.vector.compat.AndroidVectorResources: int STYLEABLE_VECTOR_DRAWABLE_TINT
androidx.compose.foundation.text.MappedKeys: long V
androidx.compose.material3.NavigationDrawerKt$PermanentDrawerSheet$2: androidx.compose.ui.graphics.Shape $drawerShape
androidx.compose.material3.ListItemKt$ListItem$2: androidx.compose.material3.ListItemColors $colors
androidx.compose.animation.AnimatedContentKt$AnimatedContent$6$1: androidx.compose.animation.AnimatedContentTransitionScopeImpl $rootScope
androidx.compose.animation.AnimatedVisibilityKt$AnimatedVisibility$6: kotlin.jvm.functions.Function3 $content
androidx.compose.material3.TouchExplorationStateProvider_androidKt$ObserveState$3: kotlin.jvm.functions.Function0 $onDispose
androidx.compose.foundation.layout.WindowInsetsNestedScrollConnection: androidx.compose.foundation.layout.AndroidWindowInsets windowInsets
androidx.compose.foundation.layout.FillElement: androidx.compose.foundation.layout.Direction direction
androidx.compose.material3.IconButtonKt$FilledTonalIconButton$4: kotlin.jvm.functions.Function2 $content
androidx.compose.ui.input.pointer.PointerInteropFilter: androidx.compose.ui.input.pointer.RequestDisallowInterceptTouchEvent requestDisallowInterceptTouchEvent
androidx.compose.ui.text.android.StaticLayoutParams: android.text.TextPaint paint
androidx.compose.ui.geometry.Size: long packedValue
androidx.compose.foundation.text2.input.internal.AndroidTextInputSession_androidKt: java.lang.String TAG
androidx.compose.runtime.SnapshotStateKt__SnapshotFlowKt$collectAsState$1: int label
androidx.compose.foundation.layout.BoxKt: androidx.compose.ui.layout.MeasurePolicy DefaultBoxMeasurePolicy
androidx.compose.foundation.text2.input.internal.selection.TextFieldSelectionState$selectionHandleGestures$2$1: int label
androidx.compose.foundation.layout.WindowInsetsPaddingKt: androidx.compose.ui.modifier.ProvidableModifierLocal ModifierLocalConsumedWindowInsets
androidx.compose.foundation.layout.VerticalAlignElement: androidx.compose.ui.Alignment$Vertical alignment
androidx.compose.material3.SliderKt$RangeSliderImpl$3: boolean $enabled
androidx.compose.material3.TonalPalette: long primary95