games/android-game-2026-03-14/app/build/outputs/mapping/release/mapping.txt
# compiler: R8
# compiler_version: 8.2.47
# min_api: 24
# common_typos_disable
# {"id":"com.android.tools.r8.mapping","version":"2.2"}
# pg_map_id: 9981f2a
# pg_map_hash: SHA-256 9981f2a87bfdd107ffb68d7d610548cdb4b1d3486e68a007961213fea5605a0b
com.orbitshield.game.ComposableSingletons$MainActivityKt -> com.orbitshield.game.ComposableSingletons$MainActivityKt:
# {"id":"sourceFile","fileName":"MainActivity.kt"}
    kotlin.jvm.functions.Function2 lambda-1 -> lambda-1
      # {"id":"com.android.tools.r8.residualsignature","signature":"Ls0/e;"}
    1:1:kotlin.jvm.functions.Function2 getLambda-1$app_release():0:0 -> getLambda-1$app_release
      # {"id":"com.android.tools.r8.residualsignature","signature":"()Ls0/e;"}
com.orbitshield.game.ComposableSingletons$MainActivityKt$lambda-1$1 -> com.orbitshield.game.ComposableSingletons$MainActivityKt$lambda-1$1:
# {"id":"sourceFile","fileName":"MainActivity.kt"}
    1:1:java.lang.Object invoke(java.lang.Object,java.lang.Object):0:0 -> invoke
    2:2:void invoke(androidx.compose.runtime.Composer,int):0:0 -> invoke
      # {"id":"com.android.tools.r8.outlineCallsite","positions":{"1":6,"4":7,"7":8},"outline":"Landroidx/activity/b;p(Landroidx/compose/runtime/Composer;II)Ljava/lang/Object;"}
    3:3:void invoke(androidx.compose.runtime.Composer,int):0:0 -> invoke
    4:4:void invoke(androidx.compose.runtime.Composer,int):0:0 -> invoke
    5:5:void invoke(androidx.compose.runtime.Composer,int):0:0 -> invoke
    6:6:void invoke(androidx.compose.runtime.Composer,int):0:0 -> invoke
    7:7:void invoke(androidx.compose.runtime.Composer,int):0:0 -> invoke
    8:8:void invoke(androidx.compose.runtime.Composer,int):0:0 -> invoke
com.orbitshield.game.ComposableSingletons$MainActivityKt$lambda-1$1$1$1 -> com.orbitshield.game.ComposableSingletons$MainActivityKt$lambda-1$1$1$1:
# {"id":"sourceFile","fileName":"MainActivity.kt"}
    1:1:java.lang.Object invoke():0:0 -> invoke
    2:2:void invoke():0:0 -> invoke
com.orbitshield.game.ComposableSingletons$MainActivityKt$lambda-1$1$2$1 -> com.orbitshield.game.ComposableSingletons$MainActivityKt$lambda-1$1$2$1:
# {"id":"sourceFile","fileName":"MainActivity.kt"}
    1:1:java.lang.Object invoke():0:0 -> invoke
    2:2:void invoke():0:0 -> invoke
com.orbitshield.game.MainActivity -> com.orbitshield.game.MainActivity:
# {"id":"sourceFile","fileName":"MainActivity.kt"}
    6:9:void androidx.activity.EdgeToEdge.enable$default(androidx.activity.ComponentActivity,androidx.activity.SystemBarStyle,androidx.activity.SystemBarStyle,int,java.lang.Object):0:0 -> onCreate
    6:9:void onCreate(android.os.Bundle):0 -> onCreate
    10:15:androidx.activity.SystemBarStyle androidx.activity.SystemBarStyle$Companion.auto(int,int,kotlin.jvm.functions.Function1):0:0 -> onCreate
    10:15:androidx.activity.SystemBarStyle androidx.activity.SystemBarStyle$Companion.auto$default(androidx.activity.SystemBarStyle$Companion,int,int,kotlin.jvm.functions.Function1,int,java.lang.Object):0 -> onCreate
    10:15:void androidx.activity.EdgeToEdge.enable$default(androidx.activity.ComponentActivity,androidx.activity.SystemBarStyle,androidx.activity.SystemBarStyle,int,java.lang.Object):0 -> onCreate
    10:15:void onCreate(android.os.Bundle):0 -> onCreate
    16:19:void androidx.activity.EdgeToEdge.enable$default(androidx.activity.ComponentActivity,androidx.activity.SystemBarStyle,androidx.activity.SystemBarStyle,int,java.lang.Object):0:0 -> onCreate
    16:19:void onCreate(android.os.Bundle):0 -> onCreate
    20:24:androidx.activity.SystemBarStyle androidx.activity.SystemBarStyle$Companion.auto(int,int,kotlin.jvm.functions.Function1):0:0 -> onCreate
...
androidx.compose.foundation.text2.input.internal.TextFieldLayoutStateCache$MeasureInputs$Companion -> androidx.compose.foundation.text2.input.internal.TextFieldLayoutStateCache$MeasureInputs$Companion:
# {"id":"sourceFile","fileName":"TextFieldLayoutStateCache.kt"}
    1:1:void <init>(kotlin.jvm.internal.DefaultConstructorMarker):0:0 -> <init>
      # {"id":"com.android.tools.r8.residualsignature","signature":"(Lkotlin/jvm/internal/h;)V"}
androidx.compose.foundation.text2.input.internal.TextFieldLayoutStateCache$MeasureInputs$Companion$mutationPolicy$1 -> androidx.compose.foundation.text2.input.internal.TextFieldLayoutStateCache$MeasureInputs$Companion$mutationPolicy$1:
# {"id":"sourceFile","fileName":"TextFieldLayoutStateCache.kt"}
    1:1:boolean equivalent(androidx.compose.foundation.text2.input.internal.TextFieldLayoutStateCache$MeasureInputs,androidx.compose.foundation.text2.input.internal.TextFieldLayoutStateCache$MeasureInputs):0:0 -> equivalent
    2:2:boolean equivalent(java.lang.Object,java.lang.Object):0:0 -> equivalent
androidx.compose.foundation.text2.input.internal.TextFieldLayoutStateCache$NonMeasureInputs -> androidx.compose.foundation.text2.input.internal.TextFieldLayoutStateCache$NonMeasureInputs:
# {"id":"sourceFile","fileName":"TextFieldLayoutStateCache.kt"}
androidx.compose.foundation.text2.input.internal.TextFieldLayoutStateCache$NonMeasureInputs$Companion -> androidx.compose.foundation.text2.input.internal.TextFieldLayoutStateCache$NonMeasureInputs$Companion:
# {"id":"sourceFile","fileName":"TextFieldLayoutStateCache.kt"}
    1:1:void <init>(kotlin.jvm.internal.DefaultConstructorMarker):0:0 -> <init>
      # {"id":"com.android.tools.r8.residualsignature","signature":"(Lkotlin/jvm/internal/h;)V"}
androidx.compose.foundation.text2.input.internal.TextFieldLayoutStateCache$NonMeasureInputs$Companion$mutationPolicy$1 -> androidx.compose.foundation.text2.input.internal.TextFieldLayoutStateCache$NonMeasureInputs$Companion$mutationPolicy$1:
# {"id":"sourceFile","fileName":"TextFieldLayoutStateCache.kt"}
    1:1:boolean equivalent(androidx.compose.foundation.text2.input.internal.TextFieldLayoutStateCache$NonMeasureInputs,androidx.compose.foundation.text2.input.internal.TextFieldLayoutStateCache$NonMeasureInputs):0:0 -> equivalent
    2:2:boolean equivalent(java.lang.Object,java.lang.Object):0:0 -> equivalent
androidx.compose.foundation.text2.input.internal.TextFieldPreparedSelection -> androidx.compose.foundation.text2.input.internal.TextFieldPreparedSelection:
# {"id":"sourceFile","fileName":"TextPreparedSelection.kt"}
    1:1:androidx.compose.foundation.text2.input.internal.TextFieldPreparedSelection applyIfNotEmpty(boolean,kotlin.jvm.functions.Function1):0:0 -> applyIfNotEmpty
      # {"id":"com.android.tools.r8.residualsignature","signature":"(ZLs0/c;)Landroidx/compose/foundation/text2/input/internal/TextFieldPreparedSelection;"}
    1:1:androidx.compose.foundation.text2.input.internal.TextFieldPreparedSelection applyIfNotEmpty$default(androidx.compose.foundation.text2.input.internal.TextFieldPreparedSelection,boolean,kotlin.jvm.functions.Function1,int,java.lang.Object):0:0 -> applyIfNotEmpty$default
      # {"id":"com.android.tools.r8.residualsignature","signature":"(Landroidx/compose/foundation/text2/input/internal/TextFieldPreparedSelection;ZLs0/c;ILjava/lang/Object;)Landroidx/compose/foundation/text2/input/internal/TextFieldPreparedSelection;"}
    1:8:androidx.compose.foundation.text2.input.internal.TextFieldPreparedSelection collapseLeftOr(kotlin.jvm.functions.Function1):0:0 -> collapseLeftOr
      # {"id":"com.android.tools.r8.residualsignature","signature":"(Ls0/c;)Landroidx/compose/foundation/text2/input/internal/TextFieldPreparedSelection;"}