games/android-game-2026-03-14/app/build/outputs/mapping/release/usage.txt
com.orbitshield.game.MainActivity:
    static void <clinit>()
com.orbitshield.game.game.Asteroid:
    static void <clinit>()
com.orbitshield.game.game.GameState:
    static void <clinit>()
com.orbitshield.game.game.Particle:
    static void <clinit>()
com.orbitshield.game.game.ScorePopup:
    static void <clinit>()
com.orbitshield.game.game.ShieldFragment:
    static void <clinit>()
com.orbitshield.game.game.Star:
    static void <clinit>()
...
kotlin.jvm.internal.PropertyReference2Impl
kotlin.jvm.internal.PropertyReference:
    public void <init>()
    public void <init>(java.lang.Object)
kotlin.jvm.internal.Ref$ByteRef
kotlin.jvm.internal.Ref$CharRef
kotlin.jvm.internal.Ref$DoubleRef
kotlin.jvm.internal.Ref$ShortRef
kotlin.jvm.internal.Ref
kotlin.jvm.internal.Reflection:
    static final java.lang.String REFLECTION_NOT_AVAILABLE
    public void <init>()
    public static kotlin.reflect.KClass createKotlinClass(java.lang.Class)
    public static kotlin.reflect.KClass createKotlinClass(java.lang.Class,java.lang.String)
    public static kotlin.reflect.KClass getOrCreateKotlinClass(java.lang.Class,java.lang.String)
    public static kotlin.reflect.KClass[] getOrCreateKotlinClasses(java.lang.Class[])
    public static kotlin.reflect.KDeclarationContainer getOrCreateKotlinPackage(java.lang.Class,java.lang.String)
    public static kotlin.reflect.KType mutableCollectionType(kotlin.reflect.KType)
    public static kotlin.reflect.KMutableProperty2 mutableProperty2(kotlin.jvm.internal.MutablePropertyReference2)
    public static kotlin.reflect.KType nothingType(kotlin.reflect.KType)
    public static kotlin.reflect.KType nullableTypeOf(java.lang.Class)
    public static kotlin.reflect.KType nullableTypeOf(java.lang.Class,kotlin.reflect.KTypeProjection)
    public static kotlin.reflect.KType nullableTypeOf(java.lang.Class,kotlin.reflect.KTypeProjection,kotlin.reflect.KTypeProjection)
    public static varargs kotlin.reflect.KType nullableTypeOf(java.lang.Class,kotlin.reflect.KTypeProjection[])
    public static kotlin.reflect.KType nullableTypeOf(kotlin.reflect.KClassifier)
    public static kotlin.reflect.KType platformType(kotlin.reflect.KType,kotlin.reflect.KType)
kotlin.jvm.internal.ReflectionFactory:
    private static final java.lang.String KOTLIN_JVM_FUNCTIONS
    public kotlin.reflect.KClass createKotlinClass(java.lang.Class)
    public kotlin.reflect.KClass createKotlinClass(java.lang.Class,java.lang.String)
    public kotlin.reflect.KClass getOrCreateKotlinClass(java.lang.Class,java.lang.String)
    public kotlin.reflect.KType mutableCollectionType(kotlin.reflect.KType)
    public kotlin.reflect.KMutableProperty2 mutableProperty2(kotlin.jvm.internal.MutablePropertyReference2)
    public kotlin.reflect.KType nothingType(kotlin.reflect.KType)
    public kotlin.reflect.KType platformType(kotlin.reflect.KType,kotlin.reflect.KType)
    public kotlin.reflect.KProperty2 property2(kotlin.jvm.internal.PropertyReference2)
    public void setUpperBounds(kotlin.reflect.KTypeParameter,java.util.List)
    public kotlin.reflect.KType typeOf(kotlin.reflect.KClassifier,java.util.List,boolean)
    public kotlin.reflect.KTypeParameter typeParameter(java.lang.Object,java.lang.String,kotlin.reflect.KVariance,boolean)
kotlin.jvm.internal.RepeatableContainer
kotlin.jvm.internal.SerializedIr
kotlin.jvm.internal.ShortCompanionObject
kotlin.jvm.internal.ShortSpreadBuilder
kotlin.jvm.internal.SourceDebugExtension